[2021-07-29 15:18:26,502] multiqc                                            [DEBUG  ]  No MultiQC config found: /net/clusterhn.cluster.com/opt/software/MultiQC/1.7-foss-2018b-Python-2.7.15/lib/python2.7/site-packages/multiqc_config.yaml
[2021-07-29 15:18:26,502] multiqc                                            [DEBUG  ]  No MultiQC config found: /home/erin_chille/.multiqc_config.yaml
[2021-07-29 15:18:26,505] multiqc                                            [DEBUG  ]  No MultiQC config found: multiqc_config.yaml
[2021-07-29 15:18:26,505] multiqc                                            [DEBUG  ]  Command used: /opt/software/MultiQC/1.7-foss-2018b-Python-2.7.15/bin/multiqc . --outdir ../../multiqc/not_trimmed/
[2021-07-29 15:18:27,329] multiqc                                            [WARNING]  MultiQC Version v1.11 now available!
[2021-07-29 15:18:27,329] multiqc                                            [INFO   ]  This is MultiQC v1.7
[2021-07-29 15:18:27,329] multiqc                                            [DEBUG  ]  Command     : /opt/software/MultiQC/1.7-foss-2018b-Python-2.7.15/bin/multiqc . --outdir ../../multiqc/not_trimmed/
[2021-07-29 15:18:27,329] multiqc                                            [DEBUG  ]  Working dir : /data/putnamlab/erin_chille/Express_Compare/fastqc/not_trimmed
[2021-07-29 15:18:27,329] multiqc                                            [INFO   ]  Template    : default
[2021-07-29 15:18:27,329] multiqc                                            [INFO   ]  Searching '.'
[2021-07-29 15:18:27,330] multiqc                                            [DEBUG  ]  Analysing modules: custom_content, conpair, peddy, methylQA, phantompeakqualtools, qualimap, preseq, quast, qorts, rna_seqc, rsem, rseqc, busco, goleft_indexcov, disambiguate, supernova, deeptools, sargasso, verifybamid, mirtrace, happy, homer, macs2, theta2, snpeff, gatk, htseq, bcftools, featureCounts, dedup, damageprofiler, picard, prokka, samblaster, samtools, bamtools, jellyfish, vcftools, longranger, stacks, bbmap, bismark, biscuit, hicexplorer, hicup, hicpro, salmon, kallisto, slamdunk, star, hisat2, tophat, bowtie2, bowtie1, kat, leehom, adapterRemoval, clipandmerge, cutadapt, flexbar, trimmomatic, skewer, sortmerna, biobloomtools, fastq_screen, afterqc, fastp, fastqc, minionqc, clusterflow, bcl2fastq, interop, flash
[2021-07-29 15:18:27,330] multiqc                                            [DEBUG  ]  Using temporary directory for creating report: /tmp/tmp8Rcjgu
[2021-07-29 15:18:27,700] multiqc                                            [DEBUG  ]  Ignoring file as matched an ignore pattern: 1101_R1_001_fastqc.html
[2021-07-29 15:18:27,701] multiqc                                            [DEBUG  ]  Ignoring file as matched an ignore pattern: 1101_R2_001_fastqc.html
[2021-07-29 15:18:27,715] multiqc                                            [DEBUG  ]  Ignoring file as matched an ignore pattern: Sample1_R1_fastqc.html
[2021-07-29 15:18:27,716] multiqc                                            [DEBUG  ]  Ignoring file as matched an ignore pattern: Sample3_R2_fastqc.html
[2021-07-29 15:18:27,716] multiqc                                            [DEBUG  ]  Ignoring file as matched an ignore pattern: Sample4_R2_fastqc.html
[2021-07-29 15:18:27,717] multiqc                                            [DEBUG  ]  Ignoring file as matched an ignore pattern: Sample6_R1_fastqc.html
[2021-07-29 15:18:27,720] multiqc                                            [DEBUG  ]  Ignoring file as matched an ignore pattern: Sample1_R2_fastqc.html
[2021-07-29 15:18:27,720] multiqc                                            [DEBUG  ]  Ignoring file as matched an ignore pattern: Sample3_R1_fastqc.html
[2021-07-29 15:18:27,720] multiqc                                            [DEBUG  ]  Ignoring file as matched an ignore pattern: Sample4_R1_fastqc.html
[2021-07-29 15:18:27,720] multiqc                                            [DEBUG  ]  Ignoring file as matched an ignore pattern: Sample5_R2_fastqc.html
[2021-07-29 15:18:27,721] multiqc                                            [DEBUG  ]  Ignoring file as matched an ignore pattern: 1041_R2_001_fastqc.html
[2021-07-29 15:18:27,722] multiqc                                            [DEBUG  ]  Ignoring file as matched an ignore pattern: 1471_R1_001_fastqc.html
[2021-07-29 15:18:27,723] multiqc                                            [DEBUG  ]  Ignoring file as matched an ignore pattern: 1471_R2_001_fastqc.html
[2021-07-29 15:18:27,723] multiqc                                            [DEBUG  ]  Ignoring file as matched an ignore pattern: 1628_R1_001_fastqc.html
[2021-07-29 15:18:27,726] multiqc                                            [DEBUG  ]  Ignoring file as matched an ignore pattern: Sample6_R2_fastqc.html
[2021-07-29 15:18:27,727] multiqc                                            [DEBUG  ]  Ignoring file as matched an ignore pattern: 1041_R1_001_fastqc.html
[2021-07-29 15:18:27,728] multiqc                                            [DEBUG  ]  Ignoring file as matched an ignore pattern: 1548_R1_001_fastqc.html
[2021-07-29 15:18:27,729] multiqc                                            [DEBUG  ]  Ignoring file as matched an ignore pattern: 1548_R2_001_fastqc.html
[2021-07-29 15:18:27,730] multiqc                                            [DEBUG  ]  Ignoring file as matched an ignore pattern: 1628_R2_001_fastqc.html
[2021-07-29 15:18:27,731] multiqc                                            [DEBUG  ]  Ignoring file as matched an ignore pattern: 1637_R1_001_fastqc.html
[2021-07-29 15:18:27,731] multiqc                                            [DEBUG  ]  Ignoring file as matched an ignore pattern: 1637_R2_001_fastqc.html
[2021-07-29 15:18:27,732] multiqc                                            [DEBUG  ]  Ignoring file as matched an ignore pattern: Sample2_R1_fastqc.html
[2021-07-29 15:18:27,733] multiqc                                            [DEBUG  ]  Ignoring file as matched an ignore pattern: Sample2_R2_fastqc.html
[2021-07-29 15:18:27,735] multiqc                                            [DEBUG  ]  Ignoring file as matched an ignore pattern: Sample5_R1_fastqc.html
[2021-07-29 15:18:28,335] multiqc                                            [DEBUG  ]  No samples found: custom_content
[2021-07-29 15:18:28,345] multiqc                                            [DEBUG  ]  No samples found: conpair
[2021-07-29 15:18:28,355] multiqc                                            [DEBUG  ]  No samples found: peddy
[2021-07-29 15:18:28,366] multiqc                                            [DEBUG  ]  No samples found: methylQA
[2021-07-29 15:18:28,377] multiqc                                            [DEBUG  ]  No samples found: phantompeakqualtools
[2021-07-29 15:18:28,391] multiqc                                            [DEBUG  ]  No samples found: qualimap
[2021-07-29 15:18:28,401] multiqc                                            [DEBUG  ]  No samples found: preseq
[2021-07-29 15:18:28,412] multiqc                                            [DEBUG  ]  No samples found: quast
[2021-07-29 15:18:28,423] multiqc                                            [DEBUG  ]  No samples found: qorts
[2021-07-29 15:18:28,432] multiqc                                            [DEBUG  ]  No samples found: rna_seqc
[2021-07-29 15:18:28,442] multiqc                                            [DEBUG  ]  No samples found: rsem
[2021-07-29 15:18:28,463] multiqc                                            [DEBUG  ]  No samples found: rseqc
[2021-07-29 15:18:28,473] multiqc                                            [DEBUG  ]  No samples found: busco
[2021-07-29 15:18:28,483] multiqc                                            [DEBUG  ]  No samples found: goleft_indexcov
[2021-07-29 15:18:28,493] multiqc                                            [DEBUG  ]  No samples found: disambiguate
[2021-07-29 15:18:28,503] multiqc                                            [DEBUG  ]  No samples found: supernova
[2021-07-29 15:18:28,525] multiqc                                            [DEBUG  ]  No samples found: deeptools
[2021-07-29 15:18:28,535] multiqc                                            [DEBUG  ]  No samples found: sargasso
[2021-07-29 15:18:28,545] multiqc                                            [DEBUG  ]  No samples found: verifybamid
[2021-07-29 15:18:28,556] multiqc                                            [DEBUG  ]  No samples found: mirtrace
[2021-07-29 15:18:28,568] multiqc                                            [DEBUG  ]  No samples found: happy
[2021-07-29 15:18:28,582] multiqc                                            [DEBUG  ]  No samples found: homer
[2021-07-29 15:18:28,592] multiqc                                            [DEBUG  ]  No samples found: macs2
[2021-07-29 15:18:28,602] multiqc                                            [DEBUG  ]  No samples found: theta2
[2021-07-29 15:18:28,612] multiqc                                            [DEBUG  ]  No samples found: snpeff
[2021-07-29 15:18:28,625] multiqc                                            [DEBUG  ]  No samples found: gatk
[2021-07-29 15:18:28,634] multiqc                                            [DEBUG  ]  No samples found: htseq
[2021-07-29 15:18:28,645] multiqc                                            [DEBUG  ]  No samples found: bcftools
[2021-07-29 15:18:28,655] multiqc                                            [DEBUG  ]  No samples found: featureCounts
[2021-07-29 15:18:28,665] multiqc                                            [DEBUG  ]  No samples found: dedup
[2021-07-29 15:18:28,675] multiqc                                            [DEBUG  ]  No samples found: damageprofiler
[2021-07-29 15:18:28,702] multiqc                                            [DEBUG  ]  No samples found: picard
[2021-07-29 15:18:28,712] multiqc                                            [DEBUG  ]  No samples found: prokka
[2021-07-29 15:18:28,722] multiqc                                            [DEBUG  ]  No samples found: samblaster
[2021-07-29 15:18:28,738] multiqc                                            [DEBUG  ]  No samples found: samtools
[2021-07-29 15:18:28,749] multiqc                                            [DEBUG  ]  No samples found: bamtools
[2021-07-29 15:18:28,759] multiqc                                            [DEBUG  ]  No samples found: jellyfish
[2021-07-29 15:18:28,773] multiqc                                            [DEBUG  ]  No samples found: vcftools
[2021-07-29 15:18:28,784] multiqc                                            [DEBUG  ]  No samples found: longranger
[2021-07-29 15:18:28,795] multiqc                                            [DEBUG  ]  No samples found: stacks
[2021-07-29 15:18:28,820] multiqc                                            [DEBUG  ]  No samples found: bbmap
[2021-07-29 15:18:28,830] multiqc                                            [DEBUG  ]  No samples found: bismark
[2021-07-29 15:18:28,840] multiqc                                            [DEBUG  ]  No samples found: biscuit
[2021-07-29 15:18:28,850] multiqc                                            [DEBUG  ]  No samples found: hicexplorer
[2021-07-29 15:18:28,860] multiqc                                            [DEBUG  ]  No samples found: hicup
[2021-07-29 15:18:28,870] multiqc                                            [DEBUG  ]  No samples found: hicpro
[2021-07-29 15:18:28,880] multiqc                                            [DEBUG  ]  No samples found: salmon
[2021-07-29 15:18:28,891] multiqc                                            [DEBUG  ]  No samples found: kallisto
[2021-07-29 15:18:28,902] multiqc                                            [DEBUG  ]  No samples found: slamdunk
[2021-07-29 15:18:28,913] multiqc                                            [DEBUG  ]  No samples found: star
[2021-07-29 15:18:28,923] multiqc                                            [DEBUG  ]  No samples found: hisat2
[2021-07-29 15:18:28,934] multiqc                                            [DEBUG  ]  No samples found: tophat
[2021-07-29 15:18:28,944] multiqc                                            [DEBUG  ]  No samples found: bowtie2
[2021-07-29 15:18:28,955] multiqc                                            [DEBUG  ]  No samples found: bowtie1
[2021-07-29 15:18:28,965] multiqc                                            [DEBUG  ]  No samples found: kat
[2021-07-29 15:18:28,974] multiqc                                            [DEBUG  ]  No samples found: leehom
[2021-07-29 15:18:28,984] multiqc                                            [DEBUG  ]  No samples found: adapterRemoval
[2021-07-29 15:18:28,995] multiqc                                            [DEBUG  ]  No samples found: clipandmerge
[2021-07-29 15:18:29,005] multiqc                                            [DEBUG  ]  No samples found: cutadapt
[2021-07-29 15:18:29,015] multiqc                                            [DEBUG  ]  No samples found: flexbar
[2021-07-29 15:18:29,026] multiqc                                            [DEBUG  ]  No samples found: trimmomatic
[2021-07-29 15:18:29,036] multiqc                                            [DEBUG  ]  No samples found: skewer
[2021-07-29 15:18:29,047] multiqc                                            [DEBUG  ]  No samples found: sortmerna
[2021-07-29 15:18:29,057] multiqc                                            [DEBUG  ]  No samples found: biobloomtools
[2021-07-29 15:18:29,067] multiqc                                            [DEBUG  ]  No samples found: fastq_screen
[2021-07-29 15:18:29,077] multiqc                                            [DEBUG  ]  No samples found: afterqc
[2021-07-29 15:18:29,088] multiqc                                            [DEBUG  ]  No samples found: fastp
[2021-07-29 15:18:36,976] multiqc.modules.fastqc.fastqc                      [INFO   ]  Found 24 reports
[2021-07-29 15:18:39,769] multiqc                                            [DEBUG  ]  No samples found: minionqc
[2021-07-29 15:18:39,781] multiqc                                            [DEBUG  ]  No samples found: clusterflow
[2021-07-29 15:18:39,793] multiqc                                            [DEBUG  ]  No samples found: bcl2fastq
[2021-07-29 15:18:39,804] multiqc                                            [DEBUG  ]  No samples found: interop
[2021-07-29 15:18:39,814] multiqc                                            [DEBUG  ]  No samples found: flash
[2021-07-29 15:18:39,854] multiqc                                            [INFO   ]  Compressing plot data
[2021-07-29 15:18:41,274] multiqc                                            [INFO   ]  Report      : ../../multiqc/not_trimmed/multiqc_report.html
[2021-07-29 15:18:41,274] multiqc                                            [INFO   ]  Data        : ../../multiqc/not_trimmed/multiqc_data
[2021-07-29 15:18:41,496] multiqc                                            [DEBUG  ]  Moving data file from '/tmp/tmp8Rcjgu/multiqc_data/multiqc_general_stats.txt' to '../../multiqc/not_trimmed/multiqc_data'
[2021-07-29 15:18:41,663] multiqc                                            [DEBUG  ]  Moving data file from '/tmp/tmp8Rcjgu/multiqc_data/multiqc_sources.txt' to '../../multiqc/not_trimmed/multiqc_data'
[2021-07-29 15:18:41,735] multiqc                                            [DEBUG  ]  Moving data file from '/tmp/tmp8Rcjgu/multiqc_data/multiqc_fastqc.txt' to '../../multiqc/not_trimmed/multiqc_data'
[2021-07-29 15:18:41,852] multiqc                                            [DEBUG  ]  Moving data file from '/tmp/tmp8Rcjgu/multiqc_data/multiqc_data.json' to '../../multiqc/not_trimmed/multiqc_data'
[2021-07-29 15:18:42,220] multiqc                                            [INFO   ]  MultiQC complete
